<?xml version="1.0" encoding="UTF-8"?>
<!-- Generated by org.testng.reporters.JUnitReportReporter -->
<testsuite hostname="DESKTOP-632O2B6" failures="0" tests="2" name="api_test.GetTestWithPathVariable" time="2.377" errors="0" timestamp="2021-09-06T20:27:47 EDT" skipped="0">
  <testcase classname="api_test.GetTestWithPathVariable" name="getSingleUser" time="0.406"/>
  <system-out/>
  <testcase classname="api_test.GetTestWithPathVariable" name="attemptToGetUserWithInvalidId" time="1.971"/>
  <system-out/>
</testsuite> <!-- api_test.GetTestWithPathVariable -->
