<?xml version="1.0" encoding="UTF-8"?>
<!-- Generated by org.testng.reporters.JUnitReportReporter -->
<testsuite hostname="DESKTOP-632O2B6" failures="0" tests="1" name="automation_test.CalculateMonthlyPayment" time="7.846" errors="0" timestamp="2021-09-06T20:27:47 EDT" skipped="0">
  <testcase classname="automation_test.CalculateMonthlyPayment" name="calculateMonthlyPayment" time="7.846"/>
  <system-out/>
</testsuite> <!-- automation_test.CalculateMonthlyPayment -->
