<?xml version="1.0" encoding="UTF-8"?>
<!-- Generated by org.testng.reporters.JUnitReportReporter -->
<testsuite hostname="DESKTOP-632O2B6" failures="0" tests="1" name="api_test.SimplePutTest" time="0.297" errors="0" timestamp="2021-09-06T20:27:47 EDT" skipped="0">
  <testcase classname="api_test.SimplePutTest" name="updateUserFields" time="0.297"/>
  <system-out/>
</testsuite> <!-- api_test.SimplePutTest -->
