<?xml version="1.0" encoding="UTF-8"?>
<!-- Generated by org.testng.reporters.JUnitReportReporter -->
<testsuite hostname="DESKTOP-632O2B6" failures="0" tests="1" name="api_test.GetTestWithQueryParameter" time="0.150" errors="0" timestamp="2021-08-11T10:39:53 EDT" skipped="0">
  <testcase classname="api_test.GetTestWithQueryParameter" name="getUserWithQueryParameter" time="0.150"/>
  <system-out/>
</testsuite> <!-- api_test.GetTestWithQueryParameter -->
