<?xml version="1.0" encoding="UTF-8"?>
<!-- Generated by org.testng.reporters.JUnitReportReporter -->
<testsuite hostname="DESKTOP-632O2B6" failures="0" tests="1" name="api_test.SimplePostTest" time="0.410" errors="0" timestamp="2021-08-11T10:39:53 EDT" skipped="0">
  <testcase classname="api_test.SimplePostTest" name="newUser" time="0.410"/>
  <system-out/>
</testsuite> <!-- api_test.SimplePostTest -->
