<?xml version="1.0" encoding="UTF-8"?>
<!-- Generated by org.testng.reporters.JUnitReportReporter -->
<testsuite hostname="DESKTOP-632O2B6" failures="0" tests="1" name="api_test.SimpleDeleteTest" time="0.234" errors="0" timestamp="2021-09-06T20:27:47 EDT" skipped="0">
  <testcase classname="api_test.SimpleDeleteTest" name="deleteSingleUser" time="0.234"/>
  <system-out/>
</testsuite> <!-- api_test.SimpleDeleteTest -->
