<?xml version="1.0" encoding="UTF-8"?>
<!-- Generated by org.testng.reporters.JUnitReportReporter -->
<testsuite hostname="DESKTOP-632O2B6" failures="0" tests="1" name="api_test.GetTestWithQueryParameter" time="0.094" errors="0" timestamp="2021-09-06T20:27:47 EDT" skipped="0">
  <testcase classname="api_test.GetTestWithQueryParameter" name="getUserWithQueryParameter" time="0.094"/>
  <system-out/>
</testsuite> <!-- api_test.GetTestWithQueryParameter -->
