<?xml version="1.0" encoding="UTF-8"?>
<!-- Generated by org.testng.reporters.JUnitReportReporter -->
<testsuite hostname="DESKTOP-632O2B6" failures="0" tests="1" name="api_test.SimpleDeleteTest" time="0.297" errors="0" timestamp="2021-08-11T10:39:53 EDT" skipped="0">
  <testcase classname="api_test.SimpleDeleteTest" name="deleteSingleUser" time="0.297"/>
  <system-out/>
</testsuite> <!-- api_test.SimpleDeleteTest -->
