<?xml version="1.0" encoding="UTF-8"?>
<!-- Generated by org.testng.reporters.JUnitReportReporter -->
<testsuite hostname="DESKTOP-632O2B6" failures="0" tests="1" name="automation_test.CalculateRealApr" time="8.236" errors="0" timestamp="2021-08-11T10:39:53 EDT" skipped="0">
  <testcase classname="automation_test.CalculateRealApr" name="calculateRealApr" time="8.236"/>
  <system-out/>
</testsuite> <!-- automation_test.CalculateRealApr -->
