<?xml version="1.0" encoding="UTF-8"?>
<!-- Generated by org.testng.reporters.JUnitReportReporter -->
<testsuite hostname="DESKTOP-632O2B6" failures="0" tests="1" name="api_test.SimplePutTest" time="0.385" errors="0" timestamp="2021-08-11T10:39:53 EDT" skipped="0">
  <testcase classname="api_test.SimplePutTest" name="updateUserFields" time="0.385"/>
  <system-out/>
</testsuite> <!-- api_test.SimplePutTest -->
